  BattleSea.cpp
C:\Program Files\Microsoft Visual Studio\2022\Enterprise\VC\Tools\MSVC\14.34.31933\include\utility(172,48): warning C4267: 'initializing': conversion from 'size_t' to '_Ty2', possible loss of data
          with
          [
              _Ty2=int
          ]
E:\Gaychikov\BattleSea\BattleSea\Map.h(25,1): message : see reference to function template instantiation 'std::pair<char,int>::pair<_Elem&,size_t&,0>(_Other1,_Other2) noexcept' being compiled
          with
          [
              _Elem=char,
              _Other1=char &,
              _Other2=size_t &
          ]
E:\Gaychikov\BattleSea\BattleSea\Map.h(25,35): message : see reference to function template instantiation 'std::pair<char,int>::pair<_Elem&,size_t&,0>(_Other1,_Other2) noexcept' being compiled
          with
          [
              _Elem=char,
              _Other1=char &,
              _Other2=size_t &
          ]
  BattleSea.vcxproj -> E:\Gaychikov\BattleSea\x64\Debug\BattleSea.exe
